{"uid":"b45e4e2e3217d6fb","name":"nonPageObjectTest","fullName":"org.mytests.tests.example.SimpleJdiExample.nonPageObjectTest","historyId":"49d03f18643f7bae0402122ac3b14b23","time":{"start":1669122579035,"stop":1669122579035,"duration":0},"status":"skipped","statusMessage":"\nCan't get WebDriver: chrome","statusTrace":"java.lang.RuntimeException: \nCan't get WebDriver: chrome\n\tat com.epam.jdi.light.common.Exceptions.exception(Exceptions.java:35)\n\tat com.epam.jdi.light.driver.WebDriverFactory.getDriver(WebDriverFactory.java:216)\n\tat com.epam.jdi.light.elements.common.WindowsManager.setWindowName(WindowsManager.java:87)\n\tat com.epam.jdi.light.elements.common.WindowsManager.openSiteTab(WindowsManager.java:51)\n\tat com.epam.jdi.light.elements.composite.WebPage.openSite(WebPage.java:153)\n\tat org.mytests.tests.SimpleTestsInit.setUp(SimpleTestsInit.java:17)\n\tat java.base/jdk.internal.reflect.NativeMethodAccessorImpl.invoke0(Native Method)\n\tat java.base/jdk.internal.reflect.NativeMethodAccessorImpl.invoke(NativeMethodAccessorImpl.java:62)\n\tat java.base/jdk.internal.reflect.DelegatingMethodAccessorImpl.invoke(DelegatingMethodAccessorImpl.java:43)\n\tat java.base/java.lang.reflect.Method.invoke(Method.java:567)\n\tat org.testng.internal.MethodInvocationHelper.invokeMethod(MethodInvocationHelper.java:124)\n\tat org.testng.internal.MethodInvocationHelper.invokeMethodConsideringTimeout(MethodInvocationHelper.java:59)\n\tat org.testng.internal.Invoker.invokeConfigurationMethod(Invoker.java:458)\n\tat org.testng.internal.Invoker.invokeConfigurations(Invoker.java:222)\n\tat org.testng.internal.Invoker.invokeConfigurations(Invoker.java:142)\n\tat org.testng.SuiteRunner.privateRun(SuiteRunner.java:401)\n\tat org.testng.SuiteRunner.run(SuiteRunner.java:364)\n\tat org.testng.SuiteRunnerWorker.runSuite(SuiteRunnerWorker.java:52)\n\tat org.testng.SuiteRunnerWorker.run(SuiteRunnerWorker.java:84)\n\tat org.testng.TestNG.runSuitesSequentially(TestNG.java:1208)\n\tat org.testng.TestNG.runSuitesLocally(TestNG.java:1137)\n\tat org.testng.TestNG.runSuites(TestNG.java:1049)\n\tat org.testng.TestNG.run(TestNG.java:1017)\n\tat org.apache.maven.surefire.testng.TestNGExecutor.run(TestNGExecutor.java:283)\n\tat org.apache.maven.surefire.testng.TestNGXmlTestSuite.execute(TestNGXmlTestSuite.java:75)\n\tat org.apache.maven.surefire.testng.TestNGProvider.invoke(TestNGProvider.java:120)\n\tat org.apache.maven.surefire.booter.ForkedBooter.invokeProviderInSameClassLoader(ForkedBooter.java:384)\n\tat org.apache.maven.surefire.booter.ForkedBooter.runSuitesInProcess(ForkedBooter.java:345)\n\tat org.apache.maven.surefire.booter.ForkedBooter.execute(ForkedBooter.java:126)\n\tat org.apache.maven.surefire.booter.ForkedBooter.main(ForkedBooter.java:418)\nCaused by: java.lang.RuntimeException: \nCan't get WebDriver: chrome\n\tat com.epam.jdi.light.common.Exceptions.exception(Exceptions.java:35)\n\tat com.epam.jdi.light.driver.WebDriverFactory.getDriver(WebDriverFactory.java:224)\n\tat com.epam.jdi.light.driver.WebDriverFactory.getDriver(WebDriverFactory.java:214)\n\t... 28 more\nCaused by: java.lang.RuntimeException: java.lang.RuntimeException: \nFailed to run downloaded driver CHROME:X64:106.0.5249.61. Please check that your browser and driver are compatible or use local driver with 'drivers.folder' property in test.properties'.\nDriverPath: /home/runner/.cache/selenium/chromedriver/linux64/107.0.5304.62/chromedriver\n\tat com.jdiai.tools.func.JFunc1.execute(JFunc1.java:21)\n\tat com.epam.jdi.light.driver.WebDriverFactory.getDriver(WebDriverFactory.java:222)\n\t... 29 more\nCaused by: java.lang.RuntimeException: \nFailed to run downloaded driver CHROME:X64:106.0.5249.61. Please check that your browser and driver are compatible or use local driver with 'drivers.folder' property in test.properties'.\nDriverPath: /home/runner/.cache/selenium/chromedriver/linux64/107.0.5304.62/chromedriver\n\tat com.epam.jdi.light.common.Exceptions.exception(Exceptions.java:35)\n\tat com.epam.jdi.light.driver.WebDriverFactory.getDriverException(WebDriverFactory.java:143)\n\tat com.epam.jdi.light.driver.WebDriverFactory.getDriverByName(WebDriverFactory.java:127)\n\tat com.jdiai.tools.func.JFunc1.execute(JFunc1.java:19)\n\t... 30 more\nCaused by: java.lang.RuntimeException: \nCan't run and register new driver 'chrome'\n\tat com.epam.jdi.light.common.Exceptions.exception(Exceptions.java:35)\n\tat com.epam.jdi.light.driver.WebDriverFactory.registerNewDriver(WebDriverFactory.java:90)\n\tat com.epam.jdi.light.driver.WebDriverFactory.getDriverFromName(WebDriverFactory.java:158)\n\tat com.epam.jdi.light.driver.WebDriverFactory.getDriverByName(WebDriverFactory.java:125)\n\t... 31 more\nCaused by: java.lang.RuntimeException: \nFailed to get valid driver 'chrome'\n\tat com.epam.jdi.light.common.Exceptions.runtimeException(Exceptions.java:17)\n\tat com.epam.jdi.light.driver.WebDriverFactory.getValidDriver(WebDriverFactory.java:113)\n\tat com.epam.jdi.light.driver.WebDriverFactory.registerNewDriver(WebDriverFactory.java:85)\n\t... 33 more\n","flaky":false,"newFailed":false,"newBroken":false,"newPassed":false,"retriesCount":0,"retriesStatusChange":false,"beforeStages":[{"name":"setUp","time":{"start":1669122570575,"stop":1669122578872,"duration":8297},"description":"","status":"broken","statusMessage":"\nCan't get WebDriver: chrome","statusTrace":"java.lang.RuntimeException: \nCan't get WebDriver: chrome\n\tat com.epam.jdi.light.common.Exceptions.exception(Exceptions.java:35)\n\tat com.epam.jdi.light.driver.WebDriverFactory.getDriver(WebDriverFactory.java:216)\n\tat com.epam.jdi.light.elements.common.WindowsManager.setWindowName(WindowsManager.java:87)\n\tat com.epam.jdi.light.elements.common.WindowsManager.openSiteTab(WindowsManager.java:51)\n\tat com.epam.jdi.light.elements.composite.WebPage.openSite(WebPage.java:153)\n\tat org.mytests.tests.SimpleTestsInit.setUp(SimpleTestsInit.java:17)\n\tat java.base/jdk.internal.reflect.NativeMethodAccessorImpl.invoke0(Native Method)\n\tat java.base/jdk.internal.reflect.NativeMethodAccessorImpl.invoke(NativeMethodAccessorImpl.java:62)\n\tat java.base/jdk.internal.reflect.DelegatingMethodAccessorImpl.invoke(DelegatingMethodAccessorImpl.java:43)\n\tat java.base/java.lang.reflect.Method.invoke(Method.java:567)\n\tat org.testng.internal.MethodInvocationHelper.invokeMethod(MethodInvocationHelper.java:124)\n\tat org.testng.internal.MethodInvocationHelper.invokeMethodConsideringTimeout(MethodInvocationHelper.java:59)\n\tat org.testng.internal.Invoker.invokeConfigurationMethod(Invoker.java:458)\n\tat org.testng.internal.Invoker.invokeConfigurations(Invoker.java:222)\n\tat org.testng.internal.Invoker.invokeConfigurations(Invoker.java:142)\n\tat org.testng.SuiteRunner.privateRun(SuiteRunner.java:401)\n\tat org.testng.SuiteRunner.run(SuiteRunner.java:364)\n\tat org.testng.SuiteRunnerWorker.runSuite(SuiteRunnerWorker.java:52)\n\tat org.testng.SuiteRunnerWorker.run(SuiteRunnerWorker.java:84)\n\tat org.testng.TestNG.runSuitesSequentially(TestNG.java:1208)\n\tat org.testng.TestNG.runSuitesLocally(TestNG.java:1137)\n\tat org.testng.TestNG.runSuites(TestNG.java:1049)\n\tat org.testng.TestNG.run(TestNG.java:1017)\n\tat org.apache.maven.surefire.testng.TestNGExecutor.run(TestNGExecutor.java:283)\n\tat org.apache.maven.surefire.testng.TestNGXmlTestSuite.execute(TestNGXmlTestSuite.java:75)\n\tat org.apache.maven.surefire.testng.TestNGProvider.invoke(TestNGProvider.java:120)\n\tat org.apache.maven.surefire.booter.ForkedBooter.invokeProviderInSameClassLoader(ForkedBooter.java:384)\n\tat org.apache.maven.surefire.booter.ForkedBooter.runSuitesInProcess(ForkedBooter.java:345)\n\tat org.apache.maven.surefire.booter.ForkedBooter.execute(ForkedBooter.java:126)\n\tat org.apache.maven.surefire.booter.ForkedBooter.main(ForkedBooter.java:418)\nCaused by: java.lang.RuntimeException: \nCan't get WebDriver: chrome\n\tat com.epam.jdi.light.common.Exceptions.exception(Exceptions.java:35)\n\tat com.epam.jdi.light.driver.WebDriverFactory.getDriver(WebDriverFactory.java:224)\n\tat com.epam.jdi.light.driver.WebDriverFactory.getDriver(WebDriverFactory.java:214)\n\t... 28 more\nCaused by: java.lang.RuntimeException: java.lang.RuntimeException: \nFailed to run downloaded driver CHROME:X64:106.0.5249.61. Please check that your browser and driver are compatible or use local driver with 'drivers.folder' property in test.properties'.\nDriverPath: /home/runner/.cache/selenium/chromedriver/linux64/107.0.5304.62/chromedriver\n\tat com.jdiai.tools.func.JFunc1.execute(JFunc1.java:21)\n\tat com.epam.jdi.light.driver.WebDriverFactory.getDriver(WebDriverFactory.java:222)\n\t... 29 more\nCaused by: java.lang.RuntimeException: \nFailed to run downloaded driver CHROME:X64:106.0.5249.61. Please check that your browser and driver are compatible or use local driver with 'drivers.folder' property in test.properties'.\nDriverPath: /home/runner/.cache/selenium/chromedriver/linux64/107.0.5304.62/chromedriver\n\tat com.epam.jdi.light.common.Exceptions.exception(Exceptions.java:35)\n\tat com.epam.jdi.light.driver.WebDriverFactory.getDriverException(WebDriverFactory.java:143)\n\tat com.epam.jdi.light.driver.WebDriverFactory.getDriverByName(WebDriverFactory.java:127)\n\tat com.jdiai.tools.func.JFunc1.execute(JFunc1.java:19)\n\t... 30 more\nCaused by: java.lang.RuntimeException: \nCan't run and register new driver 'chrome'\n\tat com.epam.jdi.light.common.Exceptions.exception(Exceptions.java:35)\n\tat com.epam.jdi.light.driver.WebDriverFactory.registerNewDriver(WebDriverFactory.java:90)\n\tat com.epam.jdi.light.driver.WebDriverFactory.getDriverFromName(WebDriverFactory.java:158)\n\tat com.epam.jdi.light.driver.WebDriverFactory.getDriverByName(WebDriverFactory.java:125)\n\t... 31 more\nCaused by: java.lang.RuntimeException: \nFailed to get valid driver 'chrome'\n\tat com.epam.jdi.light.common.Exceptions.runtimeException(Exceptions.java:17)\n\tat com.epam.jdi.light.driver.WebDriverFactory.getValidDriver(WebDriverFactory.java:113)\n\tat com.epam.jdi.light.driver.WebDriverFactory.registerNewDriver(WebDriverFactory.java:85)\n\t... 33 more\n","steps":[],"attachments":[],"parameters":[],"hasContent":true,"stepsCount":0,"attachmentsCount":0,"shouldDisplayMessage":true}],"afterStages":[{"name":"teardown","time":{"start":1669122579103,"stop":1669122579162,"duration":59},"description":"","status":"passed","steps":[],"attachments":[],"parameters":[],"hasContent":false,"stepsCount":0,"attachmentsCount":0,"shouldDisplayMessage":false}],"labels":[{"name":"package","value":"org.mytests.tests.example.SimpleJdiExample"},{"name":"testClass","value":"org.mytests.tests.example.SimpleJdiExample"},{"name":"testMethod","value":"nonPageObjectTest"},{"name":"parentSuite","value":"Test suite"},{"name":"suite","value":"Tests"},{"name":"subSuite","value":"org.mytests.tests.example.SimpleJdiExample"},{"name":"host","value":"fv-az371-257"},{"name":"thread","value":"2880@fv-az371-257.TestNG-test=Tests-1(35)"},{"name":"framework","value":"testng"},{"name":"language","value":"java"},{"name":"resultFormat","value":"allure2"}],"parameters":[],"links":[],"hidden":false,"retry":false,"extra":{"severity":"normal","retries":[],"categories":[],"history":{"statistic":{"failed":0,"broken":0,"skipped":16,"passed":0,"unknown":0,"total":16},"items":[{"uid":"dfc87a4bd9904e51","reportUrl":"https://jdi-examples.github.io/jdi-introduction/10//#testresult/dfc87a4bd9904e51","status":"skipped","statusDetails":"\nCan't get WebDriver: chrome","time":{"start":1669122469379,"stop":1669122469379,"duration":0}},{"uid":"b272b7207ea5965e","reportUrl":"https://jdi-examples.github.io/jdi-introduction/10//#testresult/b272b7207ea5965e","status":"skipped","statusDetails":"\nCan't get WebDriver: chrome","time":{"start":1669122383718,"stop":1669122383718,"duration":0}},{"uid":"5664b341b21a7d97","reportUrl":"https://jdi-examples.github.io/jdi-introduction/10//#testresult/5664b341b21a7d97","status":"skipped","statusDetails":"\nCan't get WebDriver: chrome","time":{"start":1669122290921,"stop":1669122290921,"duration":0}},{"uid":"c9c1867e100342e3","reportUrl":"https://jdi-examples.github.io/jdi-introduction/10//#testresult/c9c1867e100342e3","status":"skipped","statusDetails":"\nCan't get WebDriver: chrome","time":{"start":1669122199696,"stop":1669122199696,"duration":0}},{"uid":"be354dd7a36d8dac","reportUrl":"https://jdi-examples.github.io/jdi-introduction/9//#testresult/be354dd7a36d8dac","status":"skipped","statusDetails":"\nCan't get WebDriver: chrome","time":{"start":1669113746981,"stop":1669113746982,"duration":1}},{"uid":"c2f0bb9f1a65737c","reportUrl":"https://jdi-examples.github.io/jdi-introduction/9//#testresult/c2f0bb9f1a65737c","status":"skipped","statusDetails":"\nCan't get WebDriver: chrome","time":{"start":1669113600543,"stop":1669113600543,"duration":0}},{"uid":"8f5b00f1db6cd604","reportUrl":"https://jdi-examples.github.io/jdi-introduction/8//#testresult/8f5b00f1db6cd604","status":"skipped","statusDetails":"\nCan't get WebDriver: chrome","time":{"start":1669113070496,"stop":1669113070496,"duration":0}},{"uid":"a73bc8188830771a","reportUrl":"https://jdi-examples.github.io/jdi-introduction/8//#testresult/a73bc8188830771a","status":"skipped","statusDetails":"\nCan't get WebDriver: chrome","time":{"start":1669112910333,"stop":1669112910333,"duration":0}},{"uid":"1655d2d510f2771b","reportUrl":"https://jdi-examples.github.io/jdi-introduction/7//#testresult/1655d2d510f2771b","status":"skipped","statusDetails":"\nCan't get WebDriver: chrome","time":{"start":1669110766299,"stop":1669110766299,"duration":0}},{"uid":"47c0471d13946c50","reportUrl":"https://jdi-examples.github.io/jdi-introduction/7//#testresult/47c0471d13946c50","status":"skipped","statusDetails":"\nCan't get WebDriver: chrome","time":{"start":1669110633119,"stop":1669110633119,"duration":0}},{"uid":"7f0d62b2ca7d42f3","reportUrl":"https://jdi-examples.github.io/jdi-introduction/6//#testresult/7f0d62b2ca7d42f3","status":"skipped","statusDetails":"\nCan't get WebDriver: chrome","time":{"start":1668434442691,"stop":1668434442691,"duration":0}},{"uid":"63dca840370fd3c8","reportUrl":"https://jdi-examples.github.io/jdi-introduction/6//#testresult/63dca840370fd3c8","status":"skipped","statusDetails":"\nCan't get WebDriver: chrome","time":{"start":1668434269468,"stop":1668434269468,"duration":0}},{"uid":"1f511ca34157659e","reportUrl":"https://jdi-examples.github.io/jdi-introduction/5//#testresult/1f511ca34157659e","status":"skipped","statusDetails":"\nCan't get WebDriver: chrome","time":{"start":1668090785583,"stop":1668090785583,"duration":0}},{"uid":"f177aa4d8922d1b1","reportUrl":"https://jdi-examples.github.io/jdi-introduction/5//#testresult/f177aa4d8922d1b1","status":"skipped","statusDetails":"\nCan't get WebDriver: chrome","time":{"start":1668090594166,"stop":1668090594166,"duration":0}},{"uid":"ea17dd6688c7fe6f","reportUrl":"https://jdi-examples.github.io/jdi-introduction/2//#testresult/ea17dd6688c7fe6f","status":"skipped","statusDetails":"\nCan't get WebDriver: chrome","time":{"start":1668079301281,"stop":1668079301281,"duration":0}}]},"tags":[]},"source":"b45e4e2e3217d6fb.json","parameterValues":[]}