{"uid":"f9e77406f5b1564c","name":"loginTest","fullName":"org.mytests.tests.example.SimpleJdiExample.loginTest","historyId":"29fcff6c697651bc9b5bac67fe4649a4","time":{"start":1669122469374,"stop":1669122469376,"duration":2},"status":"skipped","statusMessage":"\nCan't get WebDriver: chrome","statusTrace":"java.lang.RuntimeException: \nCan't get WebDriver: chrome\n\tat com.epam.jdi.light.common.Exceptions.exception(Exceptions.java:35)\n\tat com.epam.jdi.light.driver.WebDriverFactory.getDriver(WebDriverFactory.java:216)\n\tat com.epam.jdi.light.elements.common.WindowsManager.setWindowName(WindowsManager.java:87)\n\tat com.epam.jdi.light.elements.common.WindowsManager.openSiteTab(WindowsManager.java:51)\n\tat com.epam.jdi.light.elements.composite.WebPage.openSite(WebPage.java:153)\n\tat org.mytests.tests.SimpleTestsInit.setUp(SimpleTestsInit.java:17)\n\tat java.base/jdk.internal.reflect.NativeMethodAccessorImpl.invoke0(Native Method)\n\tat java.base/jdk.internal.reflect.NativeMethodAccessorImpl.invoke(NativeMethodAccessorImpl.java:62)\n\tat java.base/jdk.internal.reflect.DelegatingMethodAccessorImpl.invoke(DelegatingMethodAccessorImpl.java:43)\n\tat java.base/java.lang.reflect.Method.invoke(Method.java:566)\n\tat org.testng.internal.MethodInvocationHelper.invokeMethod(MethodInvocationHelper.java:124)\n\tat org.testng.internal.MethodInvocationHelper.invokeMethodConsideringTimeout(MethodInvocationHelper.java:59)\n\tat org.testng.internal.Invoker.invokeConfigurationMethod(Invoker.java:458)\n\tat org.testng.internal.Invoker.invokeConfigurations(Invoker.java:222)\n\tat org.testng.internal.Invoker.invokeConfigurations(Invoker.java:142)\n\tat org.testng.SuiteRunner.privateRun(SuiteRunner.java:401)\n\tat org.testng.SuiteRunner.run(SuiteRunner.java:364)\n\tat org.testng.SuiteRunnerWorker.runSuite(SuiteRunnerWorker.java:52)\n\tat org.testng.SuiteRunnerWorker.run(SuiteRunnerWorker.java:84)\n\tat org.testng.TestNG.runSuitesSequentially(TestNG.java:1208)\n\tat org.testng.TestNG.runSuitesLocally(TestNG.java:1137)\n\tat org.testng.TestNG.runSuites(TestNG.java:1049)\n\tat org.testng.TestNG.run(TestNG.java:1017)\n\tat org.apache.maven.surefire.testng.TestNGExecutor.run(TestNGExecutor.java:283)\n\tat org.apache.maven.surefire.testng.TestNGXmlTestSuite.execute(TestNGXmlTestSuite.java:75)\n\tat org.apache.maven.surefire.testng.TestNGProvider.invoke(TestNGProvider.java:120)\n\tat org.apache.maven.surefire.booter.ForkedBooter.invokeProviderInSameClassLoader(ForkedBooter.java:384)\n\tat org.apache.maven.surefire.booter.ForkedBooter.runSuitesInProcess(ForkedBooter.java:345)\n\tat org.apache.maven.surefire.booter.ForkedBooter.execute(ForkedBooter.java:126)\n\tat org.apache.maven.surefire.booter.ForkedBooter.main(ForkedBooter.java:418)\nCaused by: java.lang.RuntimeException: \nCan't get WebDriver: chrome\n\tat com.epam.jdi.light.common.Exceptions.exception(Exceptions.java:35)\n\tat com.epam.jdi.light.driver.WebDriverFactory.getDriver(WebDriverFactory.java:224)\n\tat com.epam.jdi.light.driver.WebDriverFactory.getDriver(WebDriverFactory.java:214)\n\t... 28 more\nCaused by: java.lang.RuntimeException: java.lang.RuntimeException: \nFailed to run downloaded driver CHROME:X64:106.0.5249.61. Please check that your browser and driver are compatible or use local driver with 'drivers.folder' property in test.properties'.\nDriverPath: /home/runner/.cache/selenium/chromedriver/linux64/107.0.5304.62/chromedriver\n\tat com.jdiai.tools.func.JFunc1.execute(JFunc1.java:21)\n\tat com.epam.jdi.light.driver.WebDriverFactory.getDriver(WebDriverFactory.java:222)\n\t... 29 more\nCaused by: java.lang.RuntimeException: \nFailed to run downloaded driver CHROME:X64:106.0.5249.61. Please check that your browser and driver are compatible or use local driver with 'drivers.folder' property in test.properties'.\nDriverPath: /home/runner/.cache/selenium/chromedriver/linux64/107.0.5304.62/chromedriver\n\tat com.epam.jdi.light.common.Exceptions.exception(Exceptions.java:35)\n\tat com.epam.jdi.light.driver.WebDriverFactory.getDriverException(WebDriverFactory.java:143)\n\tat com.epam.jdi.light.driver.WebDriverFactory.getDriverByName(WebDriverFactory.java:127)\n\tat com.jdiai.tools.func.JFunc1.execute(JFunc1.java:19)\n\t... 30 more\nCaused by: java.lang.RuntimeException: \nCan't run and register new driver 'chrome'\n\tat com.epam.jdi.light.common.Exceptions.exception(Exceptions.java:35)\n\tat com.epam.jdi.light.driver.WebDriverFactory.registerNewDriver(WebDriverFactory.java:90)\n\tat com.epam.jdi.light.driver.WebDriverFactory.getDriverFromName(WebDriverFactory.java:158)\n\tat com.epam.jdi.light.driver.WebDriverFactory.getDriverByName(WebDriverFactory.java:125)\n\t... 31 more\nCaused by: java.lang.RuntimeException: \nFailed to get valid driver 'chrome'\n\tat com.epam.jdi.light.common.Exceptions.runtimeException(Exceptions.java:17)\n\tat com.epam.jdi.light.driver.WebDriverFactory.getValidDriver(WebDriverFactory.java:113)\n\tat com.epam.jdi.light.driver.WebDriverFactory.registerNewDriver(WebDriverFactory.java:85)\n\t... 33 more\n","flaky":false,"newFailed":false,"newBroken":false,"newPassed":false,"retriesCount":0,"retriesStatusChange":false,"beforeStages":[{"name":"setUp","time":{"start":1669122463284,"stop":1669122469231,"duration":5947},"description":"","status":"broken","statusMessage":"\nCan't get WebDriver: chrome","statusTrace":"java.lang.RuntimeException: \nCan't get WebDriver: chrome\n\tat com.epam.jdi.light.common.Exceptions.exception(Exceptions.java:35)\n\tat com.epam.jdi.light.driver.WebDriverFactory.getDriver(WebDriverFactory.java:216)\n\tat com.epam.jdi.light.elements.common.WindowsManager.setWindowName(WindowsManager.java:87)\n\tat com.epam.jdi.light.elements.common.WindowsManager.openSiteTab(WindowsManager.java:51)\n\tat com.epam.jdi.light.elements.composite.WebPage.openSite(WebPage.java:153)\n\tat org.mytests.tests.SimpleTestsInit.setUp(SimpleTestsInit.java:17)\n\tat java.base/jdk.internal.reflect.NativeMethodAccessorImpl.invoke0(Native Method)\n\tat java.base/jdk.internal.reflect.NativeMethodAccessorImpl.invoke(NativeMethodAccessorImpl.java:62)\n\tat java.base/jdk.internal.reflect.DelegatingMethodAccessorImpl.invoke(DelegatingMethodAccessorImpl.java:43)\n\tat java.base/java.lang.reflect.Method.invoke(Method.java:566)\n\tat org.testng.internal.MethodInvocationHelper.invokeMethod(MethodInvocationHelper.java:124)\n\tat org.testng.internal.MethodInvocationHelper.invokeMethodConsideringTimeout(MethodInvocationHelper.java:59)\n\tat org.testng.internal.Invoker.invokeConfigurationMethod(Invoker.java:458)\n\tat org.testng.internal.Invoker.invokeConfigurations(Invoker.java:222)\n\tat org.testng.internal.Invoker.invokeConfigurations(Invoker.java:142)\n\tat org.testng.SuiteRunner.privateRun(SuiteRunner.java:401)\n\tat org.testng.SuiteRunner.run(SuiteRunner.java:364)\n\tat org.testng.SuiteRunnerWorker.runSuite(SuiteRunnerWorker.java:52)\n\tat org.testng.SuiteRunnerWorker.run(SuiteRunnerWorker.java:84)\n\tat org.testng.TestNG.runSuitesSequentially(TestNG.java:1208)\n\tat org.testng.TestNG.runSuitesLocally(TestNG.java:1137)\n\tat org.testng.TestNG.runSuites(TestNG.java:1049)\n\tat org.testng.TestNG.run(TestNG.java:1017)\n\tat org.apache.maven.surefire.testng.TestNGExecutor.run(TestNGExecutor.java:283)\n\tat org.apache.maven.surefire.testng.TestNGXmlTestSuite.execute(TestNGXmlTestSuite.java:75)\n\tat org.apache.maven.surefire.testng.TestNGProvider.invoke(TestNGProvider.java:120)\n\tat org.apache.maven.surefire.booter.ForkedBooter.invokeProviderInSameClassLoader(ForkedBooter.java:384)\n\tat org.apache.maven.surefire.booter.ForkedBooter.runSuitesInProcess(ForkedBooter.java:345)\n\tat org.apache.maven.surefire.booter.ForkedBooter.execute(ForkedBooter.java:126)\n\tat org.apache.maven.surefire.booter.ForkedBooter.main(ForkedBooter.java:418)\nCaused by: java.lang.RuntimeException: \nCan't get WebDriver: chrome\n\tat com.epam.jdi.light.common.Exceptions.exception(Exceptions.java:35)\n\tat com.epam.jdi.light.driver.WebDriverFactory.getDriver(WebDriverFactory.java:224)\n\tat com.epam.jdi.light.driver.WebDriverFactory.getDriver(WebDriverFactory.java:214)\n\t... 28 more\nCaused by: java.lang.RuntimeException: java.lang.RuntimeException: \nFailed to run downloaded driver CHROME:X64:106.0.5249.61. Please check that your browser and driver are compatible or use local driver with 'drivers.folder' property in test.properties'.\nDriverPath: /home/runner/.cache/selenium/chromedriver/linux64/107.0.5304.62/chromedriver\n\tat com.jdiai.tools.func.JFunc1.execute(JFunc1.java:21)\n\tat com.epam.jdi.light.driver.WebDriverFactory.getDriver(WebDriverFactory.java:222)\n\t... 29 more\nCaused by: java.lang.RuntimeException: \nFailed to run downloaded driver CHROME:X64:106.0.5249.61. Please check that your browser and driver are compatible or use local driver with 'drivers.folder' property in test.properties'.\nDriverPath: /home/runner/.cache/selenium/chromedriver/linux64/107.0.5304.62/chromedriver\n\tat com.epam.jdi.light.common.Exceptions.exception(Exceptions.java:35)\n\tat com.epam.jdi.light.driver.WebDriverFactory.getDriverException(WebDriverFactory.java:143)\n\tat com.epam.jdi.light.driver.WebDriverFactory.getDriverByName(WebDriverFactory.java:127)\n\tat com.jdiai.tools.func.JFunc1.execute(JFunc1.java:19)\n\t... 30 more\nCaused by: java.lang.RuntimeException: \nCan't run and register new driver 'chrome'\n\tat com.epam.jdi.light.common.Exceptions.exception(Exceptions.java:35)\n\tat com.epam.jdi.light.driver.WebDriverFactory.registerNewDriver(WebDriverFactory.java:90)\n\tat com.epam.jdi.light.driver.WebDriverFactory.getDriverFromName(WebDriverFactory.java:158)\n\tat com.epam.jdi.light.driver.WebDriverFactory.getDriverByName(WebDriverFactory.java:125)\n\t... 31 more\nCaused by: java.lang.RuntimeException: \nFailed to get valid driver 'chrome'\n\tat com.epam.jdi.light.common.Exceptions.runtimeException(Exceptions.java:17)\n\tat com.epam.jdi.light.driver.WebDriverFactory.getValidDriver(WebDriverFactory.java:113)\n\tat com.epam.jdi.light.driver.WebDriverFactory.registerNewDriver(WebDriverFactory.java:85)\n\t... 33 more\n","steps":[],"attachments":[],"parameters":[],"stepsCount":0,"attachmentsCount":0,"shouldDisplayMessage":true,"hasContent":true}],"afterStages":[{"name":"teardown","time":{"start":1669122469411,"stop":1669122469430,"duration":19},"description":"","status":"passed","steps":[],"attachments":[],"parameters":[],"stepsCount":0,"attachmentsCount":0,"shouldDisplayMessage":false,"hasContent":false}],"labels":[{"name":"package","value":"org.mytests.tests.example.SimpleJdiExample"},{"name":"testClass","value":"org.mytests.tests.example.SimpleJdiExample"},{"name":"testMethod","value":"loginTest"},{"name":"parentSuite","value":"Test suite"},{"name":"suite","value":"Tests"},{"name":"subSuite","value":"org.mytests.tests.example.SimpleJdiExample"},{"name":"host","value":"fv-az315-483"},{"name":"thread","value":"2760@fv-az315-483.TestNG-test=Tests-1(34)"},{"name":"framework","value":"testng"},{"name":"language","value":"java"},{"name":"resultFormat","value":"allure2"}],"parameters":[],"links":[],"hidden":false,"retry":false,"extra":{"severity":"normal","retries":[],"categories":[],"history":{"statistic":{"failed":0,"broken":0,"skipped":15,"passed":0,"unknown":0,"total":15},"items":[{"uid":"db8f2983526411c9","reportUrl":"https://jdi-examples.github.io/jdi-introduction/10//#testresult/db8f2983526411c9","status":"skipped","statusDetails":"\nCan't get WebDriver: chrome","time":{"start":1669122383714,"stop":1669122383715,"duration":1}},{"uid":"d16a771ba04962ac","reportUrl":"https://jdi-examples.github.io/jdi-introduction/10//#testresult/d16a771ba04962ac","status":"skipped","statusDetails":"\nCan't get WebDriver: chrome","time":{"start":1669122290915,"stop":1669122290918,"duration":3}},{"uid":"3195eb766f4b3960","reportUrl":"https://jdi-examples.github.io/jdi-introduction/10//#testresult/3195eb766f4b3960","status":"skipped","statusDetails":"\nCan't get WebDriver: chrome","time":{"start":1669122199692,"stop":1669122199694,"duration":2}},{"uid":"1c5527fb512a0ea4","reportUrl":"https://jdi-examples.github.io/jdi-introduction/9//#testresult/1c5527fb512a0ea4","status":"skipped","statusDetails":"\nCan't get WebDriver: chrome","time":{"start":1669113746978,"stop":1669113746978,"duration":0}},{"uid":"a2c674448a5430d0","reportUrl":"https://jdi-examples.github.io/jdi-introduction/9//#testresult/a2c674448a5430d0","status":"skipped","statusDetails":"\nCan't get WebDriver: chrome","time":{"start":1669113600539,"stop":1669113600539,"duration":0}},{"uid":"411ed37fec3bfe8b","reportUrl":"https://jdi-examples.github.io/jdi-introduction/8//#testresult/411ed37fec3bfe8b","status":"skipped","statusDetails":"\nCan't get WebDriver: chrome","time":{"start":1669113070490,"stop":1669113070491,"duration":1}},{"uid":"7793bade2892940","reportUrl":"https://jdi-examples.github.io/jdi-introduction/8//#testresult/7793bade2892940","status":"skipped","statusDetails":"\nCan't get WebDriver: chrome","time":{"start":1669112910329,"stop":1669112910330,"duration":1}},{"uid":"691f59617a0d3d1a","reportUrl":"https://jdi-examples.github.io/jdi-introduction/7//#testresult/691f59617a0d3d1a","status":"skipped","statusDetails":"\nCan't get WebDriver: chrome","time":{"start":1669110766294,"stop":1669110766295,"duration":1}},{"uid":"7afe6329e4aa07e","reportUrl":"https://jdi-examples.github.io/jdi-introduction/7//#testresult/7afe6329e4aa07e","status":"skipped","statusDetails":"\nCan't get WebDriver: chrome","time":{"start":1669110633114,"stop":1669110633116,"duration":2}},{"uid":"8ae9ba56ed313d35","reportUrl":"https://jdi-examples.github.io/jdi-introduction/6//#testresult/8ae9ba56ed313d35","status":"skipped","statusDetails":"\nCan't get WebDriver: chrome","time":{"start":1668434442684,"stop":1668434442686,"duration":2}},{"uid":"ea1a6bcafb366d47","reportUrl":"https://jdi-examples.github.io/jdi-introduction/6//#testresult/ea1a6bcafb366d47","status":"skipped","statusDetails":"\nCan't get WebDriver: chrome","time":{"start":1668434269463,"stop":1668434269465,"duration":2}},{"uid":"e1cbb4924853cd8c","reportUrl":"https://jdi-examples.github.io/jdi-introduction/5//#testresult/e1cbb4924853cd8c","status":"skipped","statusDetails":"\nCan't get WebDriver: chrome","time":{"start":1668090785574,"stop":1668090785579,"duration":5}},{"uid":"46a2b501ddd20032","reportUrl":"https://jdi-examples.github.io/jdi-introduction/5//#testresult/46a2b501ddd20032","status":"skipped","statusDetails":"\nCan't get WebDriver: chrome","time":{"start":1668090594158,"stop":1668090594162,"duration":4}},{"uid":"90cf667ce266106c","reportUrl":"https://jdi-examples.github.io/jdi-introduction/2//#testresult/90cf667ce266106c","status":"skipped","statusDetails":"\nCan't get WebDriver: chrome","time":{"start":1668079301275,"stop":1668079301276,"duration":1}}]},"tags":[]},"source":"f9e77406f5b1564c.json","parameterValues":[]}